2025-04-05 18:10:52 0 [Note] Starting MariaDB 10.4.32-MariaDB source revision c4143f909528e3fab0677a28631d10389354c491 as process 16012
2025-04-05 18:10:52 0 [Note] InnoDB: Mutexes and rw_locks use Windows interlocked functions
2025-04-05 18:10:52 0 [Note] InnoDB: Uses event mutexes
2025-04-05 18:10:52 0 [Note] InnoDB: Compressed tables use zlib 1.3
2025-04-05 18:10:52 0 [Note] InnoDB: Number of pools: 1
2025-04-05 18:10:52 0 [Note] InnoDB: Using SSE2 crc32 instructions
2025-04-05 18:10:52 0 [Note] InnoDB: Initializing buffer pool, total size = 16M, instances = 1, chunk size = 16M
2025-04-05 18:10:52 0 [Note] InnoDB: Completed initialization of buffer pool
2025-04-05 18:10:52 0 [Note] InnoDB: Starting crash recovery from checkpoint LSN=300288
2025-04-05 18:10:53 0 [Note] InnoDB: 128 out of 128 rollback segments are active.
2025-04-05 18:10:53 0 [Note] InnoDB: Removed temporary tablespace data file: "ibtmp1"
2025-04-05 18:10:53 0 [Note] InnoDB: Creating shared tablespace for temporary tables
2025-04-05 18:10:53 0 [Note] InnoDB: Setting file 'C:\secret\secretsecret\Xampp\mysql\data\ibtmp1' size to 12 MB. Physically writing the file full; Please wait ...
2025-04-05 18:10:53 0 [Note] InnoDB: File 'C:\secret\secretsecret\Xampp\mysql\data\ibtmp1' size is now 12 MB.
2025-04-05 18:10:53 0 [Note] InnoDB: Waiting for purge to start
2025-04-05 18:10:53 0 [Note] InnoDB: 10.4.32 started; log sequence number 300297; transaction id 170
2025-04-05 18:10:53 0 [Note] InnoDB: Loading buffer pool(s) from C:\secret\secretsecret\Xampp\mysql\data\ib_buffer_pool
2025-04-05 18:10:53 0 [Note] Plugin 'FEEDBACK' is disabled.
2025-04-05 18:10:53 0 [Note] Server socket created on IP: '::'.
2025-04-07 10:12:52 0 [Note] Starting MariaDB 10.4.32-MariaDB source revision c4143f909528e3fab0677a28631d10389354c491 as process 13068
2025-04-07 10:12:52 0 [Note] InnoDB: Mutexes and rw_locks use Windows interlocked functions
2025-04-07 10:12:52 0 [Note] InnoDB: Uses event mutexes
2025-04-07 10:12:52 0 [Note] InnoDB: Compressed tables use zlib 1.3
2025-04-07 10:12:52 0 [Note] InnoDB: Number of pools: 1
2025-04-07 10:12:52 0 [Note] InnoDB: Using SSE2 crc32 instructions
2025-04-07 10:12:52 0 [Note] InnoDB: Initializing buffer pool, total size = 16M, instances = 1, chunk size = 16M
2025-04-07 10:12:52 0 [Note] InnoDB: Completed initialization of buffer pool
2025-04-07 10:12:52 0 [Note] InnoDB: Starting crash recovery from checkpoint LSN=2025236
2025-04-07 10:12:53 0 [Note] InnoDB: 128 out of 128 rollback segments are active.
2025-04-07 10:12:53 0 [Note] InnoDB: Removed temporary tablespace data file: "ibtmp1"
2025-04-07 10:12:53 0 [Note] InnoDB: Creating shared tablespace for temporary tables
2025-04-07 10:12:53 0 [Note] InnoDB: Setting file 'C:\secret\secretsecret\Xampp\mysql\data\ibtmp1' size to 12 MB. Physically writing the file full; Please wait ...
2025-04-07 10:12:53 0 [Note] InnoDB: File 'C:\secret\secretsecret\Xampp\mysql\data\ibtmp1' size is now 12 MB.
2025-04-07 10:12:53 0 [Note] InnoDB: Waiting for purge to start
2025-04-07 10:12:53 0 [Note] InnoDB: 10.4.32 started; log sequence number 2025245; transaction id 914
2025-04-07 10:12:53 0 [Note] InnoDB: Loading buffer pool(s) from C:\secret\secretsecret\Xampp\mysql\data\ib_buffer_pool
2025-04-07 10:12:53 0 [Note] Plugin 'FEEDBACK' is disabled.
2025-04-07 10:12:53 0 [Note] Server socket created on IP: '::'.
2025-04-07 10:12:53 0 [Note] InnoDB: Buffer pool(s) load completed at 250407 10:12:53
2025-04-08  8:28:40 0 [Note] Starting MariaDB 10.4.32-MariaDB source revision c4143f909528e3fab0677a28631d10389354c491 as process 2296
2025-04-08  8:28:40 0 [Note] InnoDB: Mutexes and rw_locks use Windows interlocked functions
2025-04-08  8:28:40 0 [Note] InnoDB: Uses event mutexes
2025-04-08  8:28:40 0 [Note] InnoDB: Compressed tables use zlib 1.3
2025-04-08  8:28:40 0 [Note] InnoDB: Number of pools: 1
2025-04-08  8:28:40 0 [Note] InnoDB: Using SSE2 crc32 instructions
2025-04-08  8:28:40 0 [Note] InnoDB: Initializing buffer pool, total size = 16M, instances = 1, chunk size = 16M
2025-04-08  8:28:40 0 [Note] InnoDB: Completed initialization of buffer pool
2025-04-08  8:28:40 0 [Note] InnoDB: Starting crash recovery from checkpoint LSN=2025254
2025-04-08  8:28:41 0 [Note] InnoDB: 128 out of 128 rollback segments are active.
2025-04-08  8:28:41 0 [Note] InnoDB: Removed temporary tablespace data file: "ibtmp1"
2025-04-08  8:28:41 0 [Note] InnoDB: Creating shared tablespace for temporary tables
2025-04-08  8:28:41 0 [Note] InnoDB: Setting file 'C:\secret\secretsecret\Xampp\mysql\data\ibtmp1' size to 12 MB. Physically writing the file full; Please wait ...
2025-04-08  8:28:41 0 [Note] InnoDB: File 'C:\secret\secretsecret\Xampp\mysql\data\ibtmp1' size is now 12 MB.
2025-04-08  8:28:41 0 [Note] InnoDB: Waiting for purge to start
2025-04-08  8:28:41 0 [Note] InnoDB: 10.4.32 started; log sequence number 2025263; transaction id 914
2025-04-08  8:28:41 0 [Note] InnoDB: Loading buffer pool(s) from C:\secret\secretsecret\Xampp\mysql\data\ib_buffer_pool
2025-04-08  8:28:41 0 [Note] Plugin 'FEEDBACK' is disabled.
2025-04-08  8:28:41 0 [Note] Server socket created on IP: '::'.
2025-04-08 10:17:12 0 [Note] Starting MariaDB 10.4.32-MariaDB source revision c4143f909528e3fab0677a28631d10389354c491 as process 1908
2025-04-08 10:17:12 0 [Note] InnoDB: Mutexes and rw_locks use Windows interlocked functions
2025-04-08 10:17:12 0 [Note] InnoDB: Uses event mutexes
2025-04-08 10:17:12 0 [Note] InnoDB: Compressed tables use zlib 1.3
2025-04-08 10:17:12 0 [Note] InnoDB: Number of pools: 1
2025-04-08 10:17:12 0 [Note] InnoDB: Using SSE2 crc32 instructions
2025-04-08 10:17:12 0 [Note] InnoDB: Initializing buffer pool, total size = 16M, instances = 1, chunk size = 16M
2025-04-08 10:17:12 0 [Note] InnoDB: Completed initialization of buffer pool
2025-04-08 10:17:12 0 [Note] InnoDB: Starting crash recovery from checkpoint LSN=2233652
2025-04-08 10:17:12 0 [Note] InnoDB: 128 out of 128 rollback segments are active.
2025-04-08 10:17:12 0 [Note] InnoDB: Removed temporary tablespace data file: "ibtmp1"
2025-04-08 10:17:12 0 [Note] InnoDB: Creating shared tablespace for temporary tables
2025-04-08 10:17:12 0 [Note] InnoDB: Setting file 'C:\secret\secretsecret\Xampp\mysql\data\ibtmp1' size to 12 MB. Physically writing the file full; Please wait ...
2025-04-08 10:17:12 0 [Note] InnoDB: File 'C:\secret\secretsecret\Xampp\mysql\data\ibtmp1' size is now 12 MB.
2025-04-08 10:17:12 0 [Note] InnoDB: Waiting for purge to start
2025-04-08 10:17:12 0 [Note] InnoDB: 10.4.32 started; log sequence number 2233661; transaction id 1068
2025-04-08 10:17:12 0 [Note] InnoDB: Loading buffer pool(s) from C:\secret\secretsecret\Xampp\mysql\data\ib_buffer_pool
2025-04-08 10:17:12 0 [Note] Plugin 'FEEDBACK' is disabled.
2025-04-08 10:17:12 0 [Note] InnoDB: Buffer pool(s) load completed at 250408 10:17:12
2025-04-08 10:17:12 0 [Note] Server socket created on IP: '::'.
2025-04-08 11:35:59 0 [Note] Starting MariaDB 10.4.32-MariaDB source revision c4143f909528e3fab0677a28631d10389354c491 as process 12200
2025-04-08 11:35:59 0 [Note] InnoDB: Mutexes and rw_locks use Windows interlocked functions
2025-04-08 11:35:59 0 [Note] InnoDB: Uses event mutexes
2025-04-08 11:35:59 0 [Note] InnoDB: Compressed tables use zlib 1.3
2025-04-08 11:35:59 0 [Note] InnoDB: Number of pools: 1
2025-04-08 11:35:59 0 [Note] InnoDB: Using SSE2 crc32 instructions
2025-04-08 11:35:59 0 [Note] InnoDB: Initializing buffer pool, total size = 16M, instances = 1, chunk size = 16M
2025-04-08 11:35:59 0 [Note] InnoDB: Completed initialization of buffer pool
2025-04-08 11:35:59 0 [Note] InnoDB: Starting crash recovery from checkpoint LSN=2233652
2025-04-08 11:35:59 0 [Note] InnoDB: 128 out of 128 rollback segments are active.
2025-04-08 11:35:59 0 [Note] InnoDB: Removed temporary tablespace data file: "ibtmp1"
2025-04-08 11:35:59 0 [Note] InnoDB: Creating shared tablespace for temporary tables
2025-04-08 11:35:59 0 [Note] InnoDB: Setting file 'C:\secret\secretsecret\Xampp\mysql\data\ibtmp1' size to 12 MB. Physically writing the file full; Please wait ...
2025-04-08 11:35:59 0 [Note] InnoDB: File 'C:\secret\secretsecret\Xampp\mysql\data\ibtmp1' size is now 12 MB.
2025-04-08 11:35:59 0 [Note] InnoDB: Waiting for purge to start
2025-04-08 11:36:00 0 [Note] InnoDB: 10.4.32 started; log sequence number 2233661; transaction id 1068
2025-04-08 11:36:00 0 [Note] InnoDB: Loading buffer pool(s) from C:\secret\secretsecret\Xampp\mysql\data\ib_buffer_pool
2025-04-08 11:36:00 0 [Note] Plugin 'FEEDBACK' is disabled.
2025-04-08 11:36:00 0 [Note] Server socket created on IP: '::'.
2025-04-09  9:10:51 0 [Note] Starting MariaDB 10.4.32-MariaDB source revision c4143f909528e3fab0677a28631d10389354c491 as process 17608
2025-04-09  9:10:51 0 [Note] InnoDB: Mutexes and rw_locks use Windows interlocked functions
2025-04-09  9:10:51 0 [Note] InnoDB: Uses event mutexes
2025-04-09  9:10:51 0 [Note] InnoDB: Compressed tables use zlib 1.3
2025-04-09  9:10:51 0 [Note] InnoDB: Number of pools: 1
2025-04-09  9:10:51 0 [Note] InnoDB: Using SSE2 crc32 instructions
2025-04-09  9:10:51 0 [Note] InnoDB: Initializing buffer pool, total size = 16M, instances = 1, chunk size = 16M
2025-04-09  9:10:51 0 [Note] InnoDB: Completed initialization of buffer pool
2025-04-09  9:10:51 0 [Note] InnoDB: Starting crash recovery from checkpoint LSN=3289218
2025-04-09  9:10:52 0 [Note] InnoDB: 128 out of 128 rollback segments are active.
2025-04-09  9:10:52 0 [Note] InnoDB: Removed temporary tablespace data file: "ibtmp1"
2025-04-09  9:10:52 0 [Note] InnoDB: Creating shared tablespace for temporary tables
2025-04-09  9:10:52 0 [Note] InnoDB: Setting file 'C:\secret\secretsecret\Xampp\mysql\data\ibtmp1' size to 12 MB. Physically writing the file full; Please wait ...
2025-04-09  9:10:52 0 [Note] InnoDB: File 'C:\secret\secretsecret\Xampp\mysql\data\ibtmp1' size is now 12 MB.
2025-04-09  9:10:52 0 [Note] InnoDB: Waiting for purge to start
2025-04-09  9:10:52 0 [Note] InnoDB: 10.4.32 started; log sequence number 3289227; transaction id 1513
2025-04-09  9:10:52 0 [Note] InnoDB: Loading buffer pool(s) from C:\secret\secretsecret\Xampp\mysql\data\ib_buffer_pool
2025-04-09  9:10:52 0 [Note] Plugin 'FEEDBACK' is disabled.
2025-04-09  9:10:52 0 [Note] InnoDB: Buffer pool(s) load completed at 250409  9:10:52
2025-04-09  9:10:52 0 [Note] Server socket created on IP: '::'.
2025-04-09  9:57:53 0 [Note] Starting MariaDB 10.4.32-MariaDB source revision c4143f909528e3fab0677a28631d10389354c491 as process 16884
2025-04-09  9:57:53 0 [Note] InnoDB: Mutexes and rw_locks use Windows interlocked functions
2025-04-09  9:57:53 0 [Note] InnoDB: Uses event mutexes
2025-04-09  9:57:53 0 [Note] InnoDB: Compressed tables use zlib 1.3
2025-04-09  9:57:53 0 [Note] InnoDB: Number of pools: 1
2025-04-09  9:57:53 0 [Note] InnoDB: Using SSE2 crc32 instructions
2025-04-09  9:57:53 0 [Note] InnoDB: Initializing buffer pool, total size = 16M, instances = 1, chunk size = 16M
2025-04-09  9:57:53 0 [Note] InnoDB: Completed initialization of buffer pool
2025-04-09  9:57:53 0 [Note] InnoDB: Starting crash recovery from checkpoint LSN=3410513
2025-04-09  9:57:54 0 [Note] InnoDB: 128 out of 128 rollback segments are active.
2025-04-09  9:57:54 0 [Note] InnoDB: Removed temporary tablespace data file: "ibtmp1"
2025-04-09  9:57:54 0 [Note] InnoDB: Creating shared tablespace for temporary tables
2025-04-09  9:57:54 0 [Note] InnoDB: Setting file 'C:\secret\secretsecret\Xampp\mysql\data\ibtmp1' size to 12 MB. Physically writing the file full; Please wait ...
2025-04-09  9:57:54 0 [Note] InnoDB: File 'C:\secret\secretsecret\Xampp\mysql\data\ibtmp1' size is now 12 MB.
2025-04-09  9:57:54 0 [Note] InnoDB: Waiting for purge to start
2025-04-09  9:57:54 0 [Note] InnoDB: 10.4.32 started; log sequence number 3410522; transaction id 1621
2025-04-09  9:57:54 0 [Note] InnoDB: Loading buffer pool(s) from C:\secret\secretsecret\Xampp\mysql\data\ib_buffer_pool
2025-04-09  9:57:54 0 [Note] Plugin 'FEEDBACK' is disabled.
2025-04-09  9:57:54 0 [Note] InnoDB: Buffer pool(s) load completed at 250409  9:57:54
2025-04-09  9:57:54 0 [Note] Server socket created on IP: '::'.
2025-04-09 12:20:05 0 [Note] Starting MariaDB 10.4.32-MariaDB source revision c4143f909528e3fab0677a28631d10389354c491 as process 3352
2025-04-09 12:20:05 0 [Note] InnoDB: Mutexes and rw_locks use Windows interlocked functions
2025-04-09 12:20:05 0 [Note] InnoDB: Uses event mutexes
2025-04-09 12:20:05 0 [Note] InnoDB: Compressed tables use zlib 1.3
2025-04-09 12:20:05 0 [Note] InnoDB: Number of pools: 1
2025-04-09 12:20:05 0 [Note] InnoDB: Using SSE2 crc32 instructions
2025-04-09 12:20:05 0 [Note] InnoDB: Initializing buffer pool, total size = 16M, instances = 1, chunk size = 16M
2025-04-09 12:20:05 0 [Note] InnoDB: Completed initialization of buffer pool
2025-04-09 12:20:05 0 [Note] InnoDB: Starting crash recovery from checkpoint LSN=5749378
2025-04-09 12:20:05 0 [Note] InnoDB: 128 out of 128 rollback segments are active.
2025-04-09 12:20:05 0 [Note] InnoDB: Removed temporary tablespace data file: "ibtmp1"
2025-04-09 12:20:05 0 [Note] InnoDB: Creating shared tablespace for temporary tables
2025-04-09 12:20:05 0 [Note] InnoDB: Setting file 'C:\secret\secretsecret\Xampp\mysql\data\ibtmp1' size to 12 MB. Physically writing the file full; Please wait ...
2025-04-09 12:20:05 0 [Note] InnoDB: File 'C:\secret\secretsecret\Xampp\mysql\data\ibtmp1' size is now 12 MB.
2025-04-09 12:20:05 0 [Note] InnoDB: Waiting for purge to start
2025-04-09 12:20:05 0 [Note] InnoDB: 10.4.32 started; log sequence number 5749387; transaction id 3030
2025-04-09 12:20:05 0 [Note] InnoDB: Loading buffer pool(s) from C:\secret\secretsecret\Xampp\mysql\data\ib_buffer_pool
2025-04-09 12:20:05 0 [Note] Plugin 'FEEDBACK' is disabled.
2025-04-09 12:20:05 0 [Note] InnoDB: Buffer pool(s) load completed at 250409 12:20:05
2025-04-09 12:20:05 0 [Note] Server socket created on IP: '::'.
