18:10:45  [main] 	Initializing Control Panel
18:10:45  [main] 	Windows Version:  Enterprise  64-bit
18:10:45  [main] 	XAMPP Version: 8.0.30
18:10:45  [main] 	Control Panel Version: 3.3.0  [ Compiled: Apr 6th 2021 ]
18:10:45  [main] 	Running with Administrator rights - good!
18:10:45  [main] 	XAMPP Installation Directory: "c:\secret\secretsecret\xampp\"
18:10:45  [main] 	Checking for prerequisites
18:10:47  [main] 	All prerequisites found
18:10:47  [main] 	Initializing Modules
18:10:47  [main] 	Starting Check-Timer
18:10:47  [main] 	Control Panel Ready
18:10:50  [Apache] 	Attempting to start Apache app...
18:10:50  [Apache] 	Status change detected: running
18:10:52  [mysql] 	Attempting to start MySQL app...
18:10:52  [mysql] 	Status change detected: running
18:15:22  [Apache] 	Attempting to stop Apache (PID: 6780)
18:15:22  [Apache] 	Attempting to stop Apache (PID: 1908)
18:15:22  [Apache] 	Status change detected: stopped
18:15:23  [mysql] 	Attempting to stop MySQL app...
18:15:23  [mysql] 	Status change detected: stopped
18:15:45  [main] 	Deinitializing Modules
18:15:45  [main] 	Deinitializing Control Panel

12:56:49  [main] 	Initializing Control Panel
12:56:49  [main] 	Windows Version:  Enterprise  64-bit
12:56:50  [main] 	XAMPP Version: 8.0.30
12:56:50  [main] 	Control Panel Version: 3.3.0  [ Compiled: Apr 6th 2021 ]
12:56:50  [main] 	Running with Administrator rights - good!
12:56:50  [main] 	XAMPP Installation Directory: "c:\secret\secretsecret\xampp\"
12:56:50  [main] 	Checking for prerequisites
12:56:51  [main] 	All prerequisites found
12:56:51  [main] 	Initializing Modules
12:56:51  [main] 	Starting Check-Timer
12:56:51  [main] 	Control Panel Ready
14:06:36  [main] 	Deinitializing Modules
14:06:36  [main] 	Deinitializing Control Panel

08:15:30  [main] 	Initializing Control Panel
08:15:30  [main] 	Windows Version:  Enterprise  64-bit
08:15:30  [main] 	XAMPP Version: 8.0.30
08:15:30  [main] 	Control Panel Version: 3.3.0  [ Compiled: Apr 6th 2021 ]
08:15:30  [main] 	Running with Administrator rights - good!
08:15:30  [main] 	XAMPP Installation Directory: "c:\secret\secretsecret\xampp\"
08:15:30  [main] 	Checking for prerequisites
08:15:33  [main] 	All prerequisites found
08:15:33  [main] 	Initializing Modules
08:15:33  [main] 	Starting Check-Timer
08:15:33  [main] 	Control Panel Ready
10:12:43  [Apache] 	Attempting to start Apache app...
10:12:43  [Apache] 	Status change detected: running
10:12:50  [mysql] 	Attempting to start MySQL app...
10:12:51  [mysql] 	Status change detected: running
10:13:44  [mysql] 	Attempting to stop MySQL app...
10:13:44  [mysql] 	Status change detected: stopped
10:13:45  [Apache] 	Attempting to stop Apache (PID: 7152)
10:13:45  [Apache] 	Attempting to stop Apache (PID: 8884)
10:13:45  [Apache] 	Status change detected: stopped
14:06:36  [main] 	Deinitializing Modules
14:06:36  [main] 	Deinitializing Control Panel

