[Sat Apr 05 18:10:51.314532 2025] [ssl:warn] [pid 6780:tid 504] AH01909: www.example.com:443:0 server certificate does NOT include an ID which matches the server name
[Sat Apr 05 18:10:51.387555 2025] [ssl:warn] [pid 6780:tid 504] AH01909: www.example.com:443:0 server certificate does NOT include an ID which matches the server name
[Sat Apr 05 18:10:51.427560 2025] [mpm_winnt:notice] [pid 6780:tid 504] AH00455: Apache/2.4.58 (Win64) OpenSSL/3.1.3 PHP/8.0.30 configured -- resuming normal operations
[Sat Apr 05 18:10:51.427560 2025] [mpm_winnt:notice] [pid 6780:tid 504] AH00456: Apache Lounge VS17 Server built: Oct 18 2023 13:03:18
[Sat Apr 05 18:10:51.427560 2025] [core:notice] [pid 6780:tid 504] AH00094: Command line: 'c:\\secret\\secretsecret\\xampp\\apache\\bin\\httpd.exe -d C:/secret/secretsecret/Xampp/apache'
[Sat Apr 05 18:10:51.433561 2025] [mpm_winnt:notice] [pid 6780:tid 504] AH00418: Parent: Created child process 1908
[Sat Apr 05 18:10:52.156945 2025] [ssl:warn] [pid 1908:tid 440] AH01909: www.example.com:443:0 server certificate does NOT include an ID which matches the server name
[Sat Apr 05 18:10:52.219320 2025] [ssl:warn] [pid 1908:tid 440] AH01909: www.example.com:443:0 server certificate does NOT include an ID which matches the server name
[Sat Apr 05 18:10:52.254366 2025] [mpm_winnt:notice] [pid 1908:tid 440] AH00354: Child: Starting 150 worker threads.
[Mon Apr 07 10:12:49.133339 2025] [ssl:warn] [pid 7152:tid 480] AH01909: www.example.com:443:0 server certificate does NOT include an ID which matches the server name
[Mon Apr 07 10:12:49.233866 2025] [core:warn] [pid 7152:tid 480] AH00098: pid file C:/secret/secretsecret/Xampp/apache/logs/httpd.pid overwritten -- Unclean shutdown of previous Apache run?
[Mon Apr 07 10:12:49.239870 2025] [ssl:warn] [pid 7152:tid 480] AH01909: www.example.com:443:0 server certificate does NOT include an ID which matches the server name
[Mon Apr 07 10:12:50.087608 2025] [mpm_winnt:notice] [pid 7152:tid 480] AH00455: Apache/2.4.58 (Win64) OpenSSL/3.1.3 PHP/8.0.30 configured -- resuming normal operations
[Mon Apr 07 10:12:50.087608 2025] [mpm_winnt:notice] [pid 7152:tid 480] AH00456: Apache Lounge VS17 Server built: Oct 18 2023 13:03:18
[Mon Apr 07 10:12:50.087608 2025] [core:notice] [pid 7152:tid 480] AH00094: Command line: 'c:\\secret\\secretsecret\\xampp\\apache\\bin\\httpd.exe -d C:/secret/secretsecret/Xampp/apache'
[Mon Apr 07 10:12:50.096609 2025] [mpm_winnt:notice] [pid 7152:tid 480] AH00418: Parent: Created child process 8884
[Mon Apr 07 10:12:52.079308 2025] [ssl:warn] [pid 8884:tid 464] AH01909: www.example.com:443:0 server certificate does NOT include an ID which matches the server name
[Mon Apr 07 10:12:52.187836 2025] [ssl:warn] [pid 8884:tid 464] AH01909: www.example.com:443:0 server certificate does NOT include an ID which matches the server name
[Mon Apr 07 10:12:52.254845 2025] [mpm_winnt:notice] [pid 8884:tid 464] AH00354: Child: Starting 150 worker threads.
[Tue Apr 08 08:28:41.880968 2025] [ssl:warn] [pid 608:tid 472] AH01909: www.example.com:443:0 server certificate does NOT include an ID which matches the server name
[Tue Apr 08 08:28:41.966512 2025] [core:warn] [pid 608:tid 472] AH00098: pid file C:/secret/secretsecret/Xampp/apache/logs/httpd.pid overwritten -- Unclean shutdown of previous Apache run?
[Tue Apr 08 08:28:41.971497 2025] [ssl:warn] [pid 608:tid 472] AH01909: www.example.com:443:0 server certificate does NOT include an ID which matches the server name
[Tue Apr 08 08:28:42.665799 2025] [mpm_winnt:notice] [pid 608:tid 472] AH00455: Apache/2.4.58 (Win64) OpenSSL/3.1.3 PHP/8.0.30 configured -- resuming normal operations
[Tue Apr 08 08:28:42.665799 2025] [mpm_winnt:notice] [pid 608:tid 472] AH00456: Apache Lounge VS17 Server built: Oct 18 2023 13:03:18
[Tue Apr 08 08:28:42.665799 2025] [core:notice] [pid 608:tid 472] AH00094: Command line: 'c:\\secret\\secretsecret\\xampp\\apache\\bin\\httpd.exe -d C:/secret/secretsecret/Xampp/apache'
[Tue Apr 08 08:28:42.671803 2025] [mpm_winnt:notice] [pid 608:tid 472] AH00418: Parent: Created child process 4960
[Tue Apr 08 08:28:43.578458 2025] [ssl:warn] [pid 4960:tid 440] AH01909: www.example.com:443:0 server certificate does NOT include an ID which matches the server name
[Tue Apr 08 08:28:43.683000 2025] [ssl:warn] [pid 4960:tid 440] AH01909: www.example.com:443:0 server certificate does NOT include an ID which matches the server name
[Tue Apr 08 08:28:43.754548 2025] [mpm_winnt:notice] [pid 4960:tid 440] AH00354: Child: Starting 150 worker threads.
[Tue Apr 08 10:17:12.902522 2025] [ssl:warn] [pid 13724:tid 472] AH01909: www.example.com:443:0 server certificate does NOT include an ID which matches the server name
[Tue Apr 08 10:17:13.005059 2025] [core:warn] [pid 13724:tid 472] AH00098: pid file C:/secret/secretsecret/Xampp/apache/logs/httpd.pid overwritten -- Unclean shutdown of previous Apache run?
[Tue Apr 08 10:17:13.010058 2025] [ssl:warn] [pid 13724:tid 472] AH01909: www.example.com:443:0 server certificate does NOT include an ID which matches the server name
[Tue Apr 08 10:17:13.758750 2025] [mpm_winnt:notice] [pid 13724:tid 472] AH00455: Apache/2.4.58 (Win64) OpenSSL/3.1.3 PHP/8.0.30 configured -- resuming normal operations
[Tue Apr 08 10:17:13.758750 2025] [mpm_winnt:notice] [pid 13724:tid 472] AH00456: Apache Lounge VS17 Server built: Oct 18 2023 13:03:18
[Tue Apr 08 10:17:13.758750 2025] [core:notice] [pid 13724:tid 472] AH00094: Command line: 'c:\\secret\\secretsecret\\xampp\\apache\\bin\\httpd.exe -d C:/secret/secretsecret/Xampp/apache'
[Tue Apr 08 10:17:13.766751 2025] [mpm_winnt:notice] [pid 13724:tid 472] AH00418: Parent: Created child process 1604
[Tue Apr 08 10:17:15.000551 2025] [ssl:warn] [pid 1604:tid 456] AH01909: www.example.com:443:0 server certificate does NOT include an ID which matches the server name
[Tue Apr 08 10:17:15.095078 2025] [ssl:warn] [pid 1604:tid 456] AH01909: www.example.com:443:0 server certificate does NOT include an ID which matches the server name
[Tue Apr 08 10:17:15.152596 2025] [mpm_winnt:notice] [pid 1604:tid 456] AH00354: Child: Starting 150 worker threads.
[Tue Apr 08 11:36:00.031208 2025] [ssl:warn] [pid 1880:tid 444] AH01909: www.example.com:443:0 server certificate does NOT include an ID which matches the server name
[Tue Apr 08 11:36:00.101251 2025] [core:warn] [pid 1880:tid 444] AH00098: pid file C:/secret/secretsecret/Xampp/apache/logs/httpd.pid overwritten -- Unclean shutdown of previous Apache run?
[Tue Apr 08 11:36:00.105212 2025] [ssl:warn] [pid 1880:tid 444] AH01909: www.example.com:443:0 server certificate does NOT include an ID which matches the server name
[Tue Apr 08 11:36:00.551016 2025] [mpm_winnt:notice] [pid 1880:tid 444] AH00455: Apache/2.4.58 (Win64) OpenSSL/3.1.3 PHP/8.0.30 configured -- resuming normal operations
[Tue Apr 08 11:36:00.551016 2025] [mpm_winnt:notice] [pid 1880:tid 444] AH00456: Apache Lounge VS17 Server built: Oct 18 2023 13:03:18
[Tue Apr 08 11:36:00.551016 2025] [core:notice] [pid 1880:tid 444] AH00094: Command line: 'c:\\secret\\secretsecret\\xampp\\apache\\bin\\httpd.exe -d C:/secret/secretsecret/Xampp/apache'
[Tue Apr 08 11:36:00.556017 2025] [mpm_winnt:notice] [pid 1880:tid 444] AH00418: Parent: Created child process 17332
[Tue Apr 08 11:36:01.224489 2025] [ssl:warn] [pid 17332:tid 440] AH01909: www.example.com:443:0 server certificate does NOT include an ID which matches the server name
[Tue Apr 08 11:36:01.294453 2025] [ssl:warn] [pid 17332:tid 440] AH01909: www.example.com:443:0 server certificate does NOT include an ID which matches the server name
[Tue Apr 08 11:36:01.332816 2025] [mpm_winnt:notice] [pid 17332:tid 440] AH00354: Child: Starting 150 worker threads.
